<?xml version="1.0" encoding="UTF-8"?>
<!-- Generated by org.testng.reporters.JUnitReportReporter -->
<testsuite hostname="LAPTOP-KQD2HIRQ" failures="0" tests="4" name="testNGAssignmentPrograms.AssgOne" time="118.546" errors="0" timestamp="2022-11-24T13:56:00 IST" skipped="0">
  <testcase classname="testNGAssignmentPrograms.AssgOne" name="verifyTheLoginCredentialsAreValidOrNot" time="32.903"/>
  <system-out/>
  <testcase classname="testNGAssignmentPrograms.AssgOne" name="verifyTheLoginCredentialsAreInvalidOrNot" time="26.730"/>
  <system-out/>
  <testcase classname="testNGAssignmentPrograms.AssgOne" name="verifyTheDashboardPageIsDisplayedAfterLoginOrNot" time="25.340"/>
  <system-out/>
  <testcase classname="testNGAssignmentPrograms.AssgOne" name="verifyAdminIsDisplayedInSystemUsersOrNot" time="33.573"/>
  <system-out/>
</testsuite> <!-- testNGAssignmentPrograms.AssgOne -->
