<?xml version="1.0" encoding="UTF-8"?>
<!-- Generated by org.testng.reporters.JUnitReportReporter -->
<testsuite hostname="LAPTOP-KQD2HIRQ" failures="0" tests="4" name="TestOne.DataProviderEgFour" time="0.011" errors="0" timestamp="2022-11-28T01:32:48 IST" skipped="0">
  <testcase classname="TestOne.DataProviderEgFour" name="addition" time="0.001"/>
  <system-out/>
  <testcase classname="TestOne.DataProviderEgFour" name="addition" time="0.007"/>
  <system-out/>
  <testcase classname="TestOne.DataProviderEgFour" name="subtratcion" time="0.002"/>
  <system-out/>
  <testcase classname="TestOne.DataProviderEgFour" name="subtratcion" time="0.001"/>
  <system-out/>
</testsuite> <!-- TestOne.DataProviderEgFour -->
