<?xml version="1.0" encoding="UTF-8"?>
<!-- Generated by org.testng.reporters.JUnitReportReporter -->
<testsuite hostname="LAPTOP-KQD2HIRQ" failures="0" tests="4" name="TestTwo.DataProviderEgTwoDemo" time="0.015" errors="0" timestamp="2022-11-26T12:35:16 IST" skipped="0">
  <testcase classname="TestTwo.DataProviderEgTwoDemo" name="f" time="0.001"/>
  <system-out/>
  <testcase classname="TestTwo.DataProviderEgTwoDemo" name="f" time="0.002"/>
  <system-out/>
  <testcase classname="TestTwo.DataProviderEgTwoDemo" name="f" time="0.002"/>
  <system-out/>
  <testcase classname="TestTwo.DataProviderEgTwoDemo" name="f" time="0.010"/>
  <system-out/>
</testsuite> <!-- TestTwo.DataProviderEgTwoDemo -->
