<?xml version="1.0" encoding="UTF-8"?>
<!-- Generated by org.testng.reporters.JUnitReportReporter -->
<testsuite hostname="LAPTOP-KQD2HIRQ" failures="0" tests="4" name="testNGAssignmentPrograms.AssgOneDemo" time="119.141" errors="0" timestamp="2022-11-24T13:53:04 IST" skipped="0">
  <testcase classname="testNGAssignmentPrograms.AssgOneDemo" name="verifySuccessfullLogin" time="29.889"/>
  <system-out/>
  <testcase classname="testNGAssignmentPrograms.AssgOneDemo" name="verifyDashboard" time="26.512"/>
  <system-out/>
  <testcase classname="testNGAssignmentPrograms.AssgOneDemo" name="verifySearchFunction" time="41.133"/>
  <system-out/>
  <testcase classname="testNGAssignmentPrograms.AssgOneDemo" name="verifyUnSuccessfullLogin" time="21.607"/>
  <system-out/>
</testsuite> <!-- testNGAssignmentPrograms.AssgOneDemo -->
