<?xml version="1.0" encoding="UTF-8"?>
<!-- Generated by org.testng.reporters.JUnitReportReporter -->
<testsuite hostname="LAPTOP-KQD2HIRQ" failures="0" tests="3" name="TestOne.DataProviderEgOne" time="0.020" errors="0" timestamp="2022-11-26T12:22:26 IST" skipped="0">
  <testcase classname="TestOne.DataProviderEgOne" name="f" time="0.005"/>
  <system-out/>
  <testcase classname="TestOne.DataProviderEgOne" name="f" time="0.012"/>
  <system-out/>
  <testcase classname="TestOne.DataProviderEgOne" name="f" time="0.003"/>
  <system-out/>
</testsuite> <!-- TestOne.DataProviderEgOne -->
