<?xml version="1.0" encoding="UTF-8"?>
<!-- Generated by org.testng.reporters.JUnitReportReporter -->
<testsuite hostname="LAPTOP-KQD2HIRQ" failures="0" tests="4" name="testNGAssignmentPrograms.AssgTwo" time="11.990" errors="0" timestamp="2022-11-26T19:10:49 IST" skipped="0">
  <testcase classname="testNGAssignmentPrograms.AssgTwo" name="verifySuccessfulLoginOfUser" time="4.812"/>
  <system-out/>
  <testcase classname="testNGAssignmentPrograms.AssgTwo" name="verifyUnsuccessfulLoginOfuser" time="2.369"/>
  <system-out/>
  <testcase classname="testNGAssignmentPrograms.AssgTwo" name="verifyUnsuccessfulLoginOfuser" time="2.310"/>
  <system-out/>
  <testcase classname="testNGAssignmentPrograms.AssgTwo" name="verifyUnsuccessfulLoginOfuser" time="2.499"/>
  <system-out/>
</testsuite> <!-- testNGAssignmentPrograms.AssgTwo -->
