<?xml version="1.0" encoding="UTF-8"?>
<!-- Generated by org.testng.reporters.JUnitReportReporter -->
<testsuite hostname="LAPTOP-KQD2HIRQ" failures="0" tests="4" name="testNGAssignmentPrograms.AssgOne" time="104.890" errors="0" timestamp="2022-12-31T00:35:04 IST" skipped="0">
  <testcase classname="testNGAssignmentPrograms.AssgOne" name="verifyTheLoginCredentialsAreValidOrNot" time="41.134"/>
  <system-out/>
  <testcase classname="testNGAssignmentPrograms.AssgOne" name="verifyTheLoginCredentialsAreInvalidOrNot" time="20.878"/>
  <system-out/>
  <testcase classname="testNGAssignmentPrograms.AssgOne" name="verifyTheDashboardPageIsDisplayedAfterLoginOrNot" time="18.820"/>
  <system-out/>
  <testcase classname="testNGAssignmentPrograms.AssgOne" name="verifyAdminIsDisplayedInSystemUsersOrNot" time="24.058"/>
  <system-out/>
</testsuite> <!-- testNGAssignmentPrograms.AssgOne -->
